#
# A fatal error has been detected by the Java Runtime Environment:
#
#  EXCEPTION_STACK_OVERFLOW (0xc00000fd) at pc=0x000000006b961c17, pid=12452, tid=13320
#
# JRE version: Java(TM) SE Runtime Environment (8.0_77-b03) (build 1.8.0_77-b03)
# Java VM: Java HotSpot(TM) 64-Bit Server VM (25.77-b03 mixed mode windows-amd64 compressed oops)
# Problematic frame:
# V  [jvm.dll+0x211c17]
#
# Failed to write core dump. Minidumps are not enabled by default on client versions of Windows
#
# If you would like to submit a bug report, please visit:
#   http://bugreport.java.com/bugreport/crash.jsp
#

---------------  T H R E A D  ---------------

Current thread (0x00000000586b6800):  JavaThread "pool-1-thread-1" [_thread_in_vm, id=13320, stack(0x0000000058e60000,0x0000000058f60000)]

siginfo: ExceptionCode=0xc00000fd, ExceptionInformation=0x0000000000000001 0x0000000058f58f50 

Registers:
RAX=0x0000000058f58f50, RBX=0x0000000000000006, RCX=0x0000000000005000, RDX=0x0000000000000012
RSP=0x0000000058f5df50, RBP=0x0000000000000000, RSI=0x0000000058f5df50, RDI=0x0000000000000006
R8 =0x0000000000000012, R9 =0x00000000586b5d30, R10=0x0000000054c846a8, R11=0x0000000058e6a160
R12=0x00000000586b5d30, R13=0x00000000586b6800, R14=0x0000000058f5e018, R15=0x0000000054c846a8
RIP=0x000000006b961c17, EFLAGS=0x0000000000010206

Top of Stack: (sp=0x0000000058f5df50)
0x0000000058f5df50:   0000000000000000 0000000000000000
0x0000000058f5df60:   00000000586b6800 00000000586b5d30
0x0000000058f5df70:   00000000ffffffff 000000006b962b47
0x0000000058f5df80:   0000000058f5e080 0000000054c846a8
0x0000000058f5df90:   00000000586b6800 000000006b80f7a3
0x0000000058f5dfa0:   0000000058f5dfe0 00000000586b6800
0x0000000058f5dfb0:   0000000058f5e070 00000000586b6800
0x0000000058f5dfc0:   0000000054c846a8 00000000586b6800
0x0000000058f5dfd0:   00000000028510c0 00000000586b6800
0x0000000058f5dfe0:   0000000054c846a8 00000000586b6800
0x0000000058f5dff0:   0000000054c846a8 00000000586b6800
0x0000000058f5e000:   0000000000000001 0000000054c846a8
0x0000000058f5e010:   00000000586b6800 0000000056843b98
0x0000000058f5e020:   00000000586b6800 000000006b810c8d
0x0000000058f5e030:   0000000058f5e3b0 0000000014c72368
0x0000000058f5e040:   0000000014c7f688 0000000000000000 

Instructions: (pc=0x000000006b961c17)
0x000000006b961bf7:   48 89 6c 24 30 33 ed 66 90 e8 4b 36 08 00 ff c3
0x000000006b961c07:   48 63 c8 48 8b c6 48 0f af cf 48 ff c7 48 2b c1
0x000000006b961c17:   89 28 48 63 c3 48 3b 05 6d aa 58 00 7e db 48 8b
0x000000006b961c27:   6c 24 30 48 8b 5c 24 38 48 8b 74 24 40 48 83 c4 


Register to memory mapping:

RAX=0x0000000058f58f50 is pointing into the stack for thread: 0x00000000586b6800
RBX=0x0000000000000006 is an unknown value
RCX=0x0000000000005000 is an unknown value
RDX=0x0000000000000012 is an unknown value
RSP=0x0000000058f5df50 is pointing into the stack for thread: 0x00000000586b6800
RBP=0x0000000000000000 is an unknown value
RSI=0x0000000058f5df50 is pointing into the stack for thread: 0x00000000586b6800
RDI=0x0000000000000006 is an unknown value
R8 =0x0000000000000012 is an unknown value
R9 =0x00000000586b5d30 is an unknown value
R10={method} {0x0000000054c846b0} 'loadClass' '(Ljava/lang/String;)Ljava/lang/Class;' in 'java/lang/ClassLoader'
R11=0x0000000058e6a160 is pointing into the stack for thread: 0x00000000586b6800
R12=0x00000000586b5d30 is an unknown value
R13=0x00000000586b6800 is a thread
R14=0x0000000058f5e018 is pointing into the stack for thread: 0x00000000586b6800
R15={method} {0x0000000054c846b0} 'loadClass' '(Ljava/lang/String;)Ljava/lang/Class;' in 'java/lang/ClassLoader'


Stack: [0x0000000058e60000,0x0000000058f60000],  sp=0x0000000058f5df50,  free space=1015k
Native frames: (J=compiled Java code, j=interpreted, Vv=VM code, C=native code)

Java frames: (J=compiled Java code, j=interpreted, Vv=VM code)
j  com.android.dx.command.dexer.Main.translateClass([BLcom/android/dx/cf/direct/DirectClassFile;)Lcom/android/dx/dex/file/ClassDefItem;+17
j  com.android.dx.command.dexer.Main.access$2700([BLcom/android/dx/cf/direct/DirectClassFile;)Lcom/android/dx/dex/file/ClassDefItem;+2
j  com.android.dx.command.dexer.Main$ClassTranslatorTask.call()Lcom/android/dx/dex/file/ClassDefItem;+8
j  com.android.dx.command.dexer.Main$ClassTranslatorTask.call()Ljava/lang/Object;+1
j  java.util.concurrent.FutureTask.run()V+42
j  java.util.concurrent.ThreadPoolExecutor.runWorker(Ljava/util/concurrent/ThreadPoolExecutor$Worker;)V+95
j  java.util.concurrent.ThreadPoolExecutor$Worker.run()V+5
j  java.lang.Thread.run()V+11
v  ~StubRoutines::call_stub

---------------  P R O C E S S  ---------------

Java Threads: ( => current thread )
  0x0000000056b31800 JavaThread "pool-2-thread-1" [_thread_new, id=12460, stack(0x0000000000000000,0x0000000000000000)]
=>0x00000000586b6800 JavaThread "pool-1-thread-1" [_thread_in_vm, id=13320, stack(0x0000000058e60000,0x0000000058f60000)]
  0x00000000568de800 JavaThread "Service Thread" daemon [_thread_blocked, id=13992, stack(0x0000000058480000,0x0000000058580000)]
  0x0000000056845800 JavaThread "C1 CompilerThread3" daemon [_thread_blocked, id=14268, stack(0x00000000582f0000,0x00000000583f0000)]
  0x0000000056842000 JavaThread "C2 CompilerThread2" daemon [_thread_blocked, id=7548, stack(0x0000000057b10000,0x0000000057c10000)]
  0x000000005683f800 JavaThread "C2 CompilerThread1" daemon [_thread_blocked, id=13724, stack(0x0000000058140000,0x0000000058240000)]
  0x0000000056839000 JavaThread "C2 CompilerThread0" daemon [_thread_blocked, id=14328, stack(0x0000000057f20000,0x0000000058020000)]
  0x000000005682f000 JavaThread "Attach Listener" daemon [_thread_blocked, id=13340, stack(0x0000000057d60000,0x0000000057e60000)]
  0x0000000056818000 JavaThread "Signal Dispatcher" daemon [_thread_blocked, id=13396, stack(0x0000000057730000,0x0000000057830000)]
  0x0000000055661800 JavaThread "Finalizer" daemon [_thread_blocked, id=5788, stack(0x0000000057c40000,0x0000000057d40000)]
  0x0000000055659800 JavaThread "Reference Handler" daemon [_thread_blocked, id=2208, stack(0x0000000057a10000,0x0000000057b10000)]
  0x000000000261e800 JavaThread "main" [_thread_blocked, id=12924, stack(0x0000000002640000,0x0000000002740000)]

Other Threads:
  0x00000000567d2800 VMThread [stack: 0x00000000578c0000,0x00000000579c0000] [id=12776]
  0x000000005697d800 WatcherThread [stack: 0x0000000058020000,0x0000000058120000] [id=12476]

VM state:not at safepoint (normal execution)

VM Mutex/Monitor currently owned by a thread: None

Heap:
 PSYoungGen      total 74240K, used 19202K [0x00000000eab00000, 0x00000000efd80000, 0x0000000100000000)
  eden space 64000K, 30% used [0x00000000eab00000,0x00000000ebdc08a0,0x00000000ee980000)
  from space 10240K, 0% used [0x00000000ef380000,0x00000000ef380000,0x00000000efd80000)
  to   space 10240K, 0% used [0x00000000ee980000,0x00000000ee980000,0x00000000ef380000)
 ParOldGen       total 169472K, used 0K [0x00000000c0000000, 0x00000000ca580000, 0x00000000eab00000)
  object space 169472K, 0% used [0x00000000c0000000,0x00000000c0000000,0x00000000ca580000)
 Metaspace       used 4011K, capacity 5040K, committed 5120K, reserved 1056768K
  class space    used 450K, capacity 488K, committed 512K, reserved 1048576K

Card table byte_map: [0x0000000011c00000,0x0000000011e10000] byte_map_base: 0x0000000011600000

Marking Bits: (ParMarkBitMap*) 0x000000006bf60600
 Begin Bits: [0x0000000012a70000, 0x0000000013a70000)
 End Bits:   [0x0000000013a70000, 0x0000000014a70000)

Polling page: 0x0000000000230000

CodeCache: size=245760Kb used=1555Kb max_used=1567Kb free=244204Kb
 bounds [0x0000000002840000, 0x0000000002ab0000, 0x0000000011840000]
 total_blobs=491 nmethods=232 adapters=172
 compilation: enabled

Compilation events (10 events):
Event: 0.358 Thread 0x0000000056845800 nmethod 218 0x00000000029c1450 code [0x00000000029c15a0, 0x00000000029c16b0]
Event: 0.358 Thread 0x0000000056845800  219   !   3       com.android.dx.rop.cst.StdConstantPool::getOrNull (13 bytes)
Event: 0.358 Thread 0x0000000056845800 nmethod 219 0x00000000029c1710 code [0x00000000029c1900, 0x00000000029c21e8]
Event: 0.358 Thread 0x0000000056845800  220       3       com.android.dx.util.MutabilityControl::throwIfImmutable (18 bytes)
Event: 0.358 Thread 0x0000000056845800 nmethod 220 0x00000000029c2790 code [0x00000000029c2900, 0x00000000029c2b68]
Event: 0.358 Thread 0x0000000056845800  221       1       com.android.dx.cf.direct.DirectClassFile::getBytes (5 bytes)
Event: 0.358 Thread 0x0000000056845800 nmethod 221 0x00000000029c2c50 code [0x00000000029c2da0, 0x00000000029c2eb0]
Event: 0.358 Thread 0x0000000056845800  222       3       java.util.WeakHashMap::getTable (9 bytes)
Event: 0.359 Thread 0x0000000056845800 nmethod 222 0x00000000029c2f10 code [0x00000000029c3080, 0x00000000029c3228]
Event: 0.359 Thread 0x0000000056845800  223   !   3       java.util.WeakHashMap::expungeStaleEntries (139 bytes)

GC Heap History (0 events):
No events

Deoptimization events (1 events):
Event: 0.290 Thread 0x000000000261e800 Uncommon trap: reason=unstable_if action=reinterpret pc=0x000000000299b2c4 method=java.lang.String.compareTo(Ljava/lang/String;)I @ 38

Internal exceptions (2 events):
Event: 0.042 Thread 0x000000000261e800 Exception <a 'java/lang/NoSuchMethodError': Method sun.misc.Unsafe.defineClass(Ljava/lang/String;[BII)Ljava/lang/Class; name or signature does not match> (0x00000000eab07cc0) thrown at [D:\re\workspace\8-2-build-windows-amd64-cygwin\jdk8u77\6540\hotspot\srÄ#ÄS¶¥?
Event: 0.042 Thread 0x000000000261e800 Exception <a 'java/lang/NoSuchMethodError': Method sun.misc.Unsafe.prefetchRead(Ljava/lang/Object;J)V name or signature does not match> (0x00000000eab07fa8) thrown at [D:\re\workspace\8-2-build-windows-amd64-cygwin\jdk8u77\6540\hotspot\src\share\vm\prims\j

Events (10 events):
Event: 0.356 Thread 0x00000000586b6800 Thread added: 0x00000000586b6800
Event: 0.356 loading class com/android/dx/command/dexer/Main$ClassDefItemConsumer
Event: 0.356 loading class com/android/dx/command/dexer/Main$ClassDefItemConsumer done
Event: 0.357 Thread 0x0000000056b31800 Thread added: 0x0000000056b31800
Event: 0.358 loading class com/android/dx/cf/attrib/RawAttribute
Event: 0.358 loading class com/android/dx/cf/attrib/RawAttribute done
Event: 0.358 loading class com/android/dx/cf/attrib/InnerClassList
Event: 0.358 loading class com/android/dx/cf/attrib/InnerClassList done
Event: 0.359 loading class com/android/dx/cf/attrib/InnerClassList$Item
Event: 0.359 loading class com/android/dx/cf/attrib/InnerClassList$Item done


Dynamic libraries:
0x000000013f840000 - 0x000000013f877000 	C:\Program Files\Java\jdk1.8.0_77\bin\java.exe
0x0000000077140000 - 0x00000000772ea000 	C:\Windows\SYSTEM32\ntdll.dll
0x0000000076d80000 - 0x0000000076e9f000 	C:\Windows\system32\kernel32.dll
0x000007fefd820000 - 0x000007fefd88b000 	C:\Windows\system32\KERNELBASE.dll
0x000007fefdb50000 - 0x000007fefdc2b000 	C:\Windows\system32\ADVAPI32.dll
0x000007fefdab0000 - 0x000007fefdb4f000 	C:\Windows\system32\msvcrt.dll
0x000007fefdc30000 - 0x000007fefdc4f000 	C:\Windows\SYSTEM32\sechost.dll
0x000007fefe2d0000 - 0x000007fefe3fd000 	C:\Windows\system32\RPCRT4.dll
0x0000000076c80000 - 0x0000000076d7a000 	C:\Windows\system32\USER32.dll
0x000007fefe4e0000 - 0x000007fefe547000 	C:\Windows\system32\GDI32.dll
0x000007fefdaa0000 - 0x000007fefdaae000 	C:\Windows\system32\LPK.dll
0x000007fefe550000 - 0x000007fefe61a000 	C:\Windows\system32\USP10.dll
0x000007fefb760000 - 0x000007fefb954000 	C:\Windows\WinSxS\amd64_microsoft.windows.common-controls_6595b64144ccf1df_6.0.7601.18837_none_fa3b1e3d17594757\COMCTL32.dll
0x000007fefe400000 - 0x000007fefe471000 	C:\Windows\system32\SHLWAPI.dll
0x000007fefe040000 - 0x000007fefe06e000 	C:\Windows\system32\IMM32.DLL
0x000007fefe1c0000 - 0x000007fefe2c9000 	C:\Windows\system32\MSCTF.dll
0x000007fefd560000 - 0x000007fefd591000 	C:\Windows\system32\nvinitx.dll
0x000007fefd550000 - 0x000007fefd55c000 	C:\Windows\system32\VERSION.dll
0x000000006fce0000 - 0x000000006fce6000 	C:\Program Files\NVIDIA Corporation\CoProcManager\detoured.dll
0x000007fef5f40000 - 0x000007fef5f72000 	C:\Program Files\NVIDIA Corporation\CoProcManager\nvd3d9wrapx.dll
0x000007fefdc50000 - 0x000007fefde27000 	C:\Windows\system32\SETUPAPI.dll
0x000007fefd930000 - 0x000007fefd966000 	C:\Windows\system32\CFGMGR32.dll
0x000007fefd970000 - 0x000007fefda48000 	C:\Windows\system32\OLEAUT32.dll
0x000007fefde30000 - 0x000007fefe033000 	C:\Windows\system32\ole32.dll
0x000007fefd800000 - 0x000007fefd81a000 	C:\Windows\system32\DEVOBJ.dll
0x000007fef5f10000 - 0x000007fef5f32000 	C:\Program Files\NVIDIA Corporation\CoProcManager\nvdxgiwrapx.dll
0x0000000064030000 - 0x0000000064102000 	C:\Program Files\Java\jdk1.8.0_77\jre\bin\msvcr100.dll
0x000000006b750000 - 0x000000006bfe0000 	C:\Program Files\Java\jdk1.8.0_77\jre\bin\server\jvm.dll
0x000007feefa90000 - 0x000007feefa99000 	C:\Windows\system32\WSOCK32.dll
0x000007fefda50000 - 0x000007fefda9d000 	C:\Windows\system32\WS2_32.dll
0x000007fefe110000 - 0x000007fefe118000 	C:\Windows\system32\NSI.dll
0x000007fefb350000 - 0x000007fefb38b000 	C:\Windows\system32\WINMM.dll
0x0000000077310000 - 0x0000000077317000 	C:\Windows\system32\PSAPI.DLL
0x000000006b630000 - 0x000000006b63f000 	C:\Program Files\Java\jdk1.8.0_77\jre\bin\verify.dll
0x000000006b600000 - 0x000000006b629000 	C:\Program Files\Java\jdk1.8.0_77\jre\bin\java.dll
0x000000006b5e0000 - 0x000000006b5f6000 	C:\Program Files\Java\jdk1.8.0_77\jre\bin\zip.dll
0x000007fefe6c0000 - 0x000007feff449000 	C:\Windows\system32\SHELL32.dll
0x000007fefd5a0000 - 0x000007fefd5af000 	C:\Windows\system32\profapi.dll

VM Arguments:
jvm_args: -Djava.awt.headless=true -Xmx1024M -Dfile.encoding=GBK -Duser.country=CN -Duser.language=zh -Duser.variant 
java_command: com.android.dx.command.Main --dex --num-threads=4 --output C:\android_sourceCode\picture_stiching\app\build\intermediates\pre-dexed\debug\com.android.support-support-v4-23.4.0_aadfe0bdf50ee4c66e5d1008a915385fd983b1e2.jar C:\android_sourceCode\picture_stiching\app\build\intermediates\exploded-aar\com.android.support\support-v4\23.4.0\jars\classes.jar
java_class_path (initial): C:\Users\ThinkPad\AppData\Local\Android\sdk\build-tools\24.0.1\lib\dx.jar
Launcher Type: SUN_STANDARD

Environment Variables:
JAVA_HOME=C:\Program Files\Java\jdk1.8.0_77
PATH=C:\Program Files\Java\jdk1.8.0_77\bin\;C:\ProgramData\Oracle\Java\javapath;C:\Program Files (x86)\Intel\iCLS Client\;C:\Program Files\Intel\iCLS Client\;C:\Windows\system32;C:\Windows;C:\Windows\System32\Wbem;C:\Windows\System32\WindowsPowerShell\v1.0\;C:\Program Files\Lenovo\Touch Fingerprint Software\;C:\Program Files (x86)\NVIDIA Corporation\PhysX\Common;C:\Program Files (x86)\Intel\Intel(R) Management Engine Components\DAL;C:\Program Files\Intel\Intel(R) Management Engine Components\DAL;C:\Program Files (x86)\Intel\Intel(R) Management Engine Components\IPT;C:\Program Files\Intel\Intel(R) Management Engine Components\IPT;C:\Program Files\Intel\WiFi\bin\;C:\Program Files\Common Files\Intel\WirelessCommon\;C:\Program Files (x86)\Android\android-sdk\tools\;C:\Users\ThinkPad\AppData\Local\Android\sdk\platform-tools;C:\Python27;C:\Program Files\Git\cmd;C:\Program Files\Intel\WiFi\bin\;C:\Program Files\Common Files\Intel\WirelessCommon\
USERNAME=ThinkPad
OS=Windows_NT
PROCESSOR_IDENTIFIER=Intel64 Family 6 Model 94 Stepping 3, GenuineIntel



---------------  S Y S T E M  ---------------

OS: Windows 7 , 64 bit Build 7601 (6.1.7601.19160)

CPU:total 8 (4 cores per cpu, 2 threads per core) family 6 model 94 stepping 3, cmov, cx8, fxsr, mmx, sse, sse2, sse3, ssse3, sse4.1, sse4.2, popcnt, avx, avx2, aes, clmul, erms, rtm, 3dnowpref, lzcnt, ht, tsc, tscinvbit, bmi1, bmi2, adx

Memory: 4k page, physical 16185256k(2953880k free), swap 16183420k(5040k free)

vm_info: Java HotSpot(TM) 64-Bit Server VM (25.77-b03) for windows-amd64 JRE (1.8.0_77-b03), built on Mar 20 2016 22:01:33 by "java_re" with MS VC++ 10.0 (VS2010)

time: Fri Aug 26 17:41:14 2016
elapsed time: 0 seconds (0d 0h 0m 0s)

